<?xml version="1.0" encoding="UTF-8"?>
<!-- Generated by org.testng.reporters.JUnitReportReporter -->
<testsuite hostname="DESKTOP-ECO8HT0" name="com.yorkland_admin.testcase.StundetActionsTest" tests="3" failures="0" timestamp="21 Apr 2019 02:36:06 GMT" time="61.255" errors="0">
  <testcase name="deletetAStudent" time="6.893" classname="com.yorkland_admin.testcase.StundetActionsTest"/>
  <testcase name="editAStudent" time="38.062" classname="com.yorkland_admin.testcase.StundetActionsTest"/>
  <testcase name="addAStudent" time="16.300" classname="com.yorkland_admin.testcase.StundetActionsTest"/>
</testsuite> <!-- com.yorkland_admin.testcase.StundetActionsTest -->
