<?xml version="1.0" encoding="UTF-8"?>
<!-- Generated by org.testng.reporters.JUnitReportReporter -->
<testsuite skipped="0" hostname="DESKTOP-ECO8HT0" name="com.yorkland_admin.testcase.AddOrEditStudentTest" tests="1" failures="0" timestamp="01 Apr 2019 22:54:40 GMT" time="8.402" errors="0">
  <testcase name="addAStudent" time="8.402" classname="com.yorkland_admin.testcase.AddOrEditStudentTest"/>
</testsuite> <!-- com.yorkland_admin.testcase.AddOrEditStudentTest -->
