<?xml version="1.0" encoding="UTF-8"?>
<!-- Generated by org.testng.reporters.JUnitReportReporter -->
<testsuite skipped="1" hostname="DESKTOP-ECO8HT0" name="com.yorkland_admin.testcase.CommentActionsTest" tests="3" failures="0" timestamp="14 Apr 2019 23:38:54 GMT" time="14.720" errors="0">
  <testcase name="addCommenttoAStudent" time="8.103" classname="com.yorkland_admin.testcase.CommentActionsTest"/>
  <testcase name="deleteAcommentToAStudent" time="6.617" classname="com.yorkland_admin.testcase.CommentActionsTest"/>
  <testcase name="editACommentToAStudent" classname="com.yorkland_admin.testcase.CommentActionsTest">
    <skipped/>
  </testcase> <!-- editACommentToAStudent -->
</testsuite> <!-- com.yorkland_admin.testcase.CommentActionsTest -->
