<?xml version="1.0" encoding="UTF-8"?>
<!-- Generated by org.testng.reporters.JUnitReportReporter -->
<testsuite skipped="0" hostname="DESKTOP-ECO8HT0" name="com.yorkland_admin.testcase.BalanceActionsTest" tests="4" failures="0" timestamp="14 Apr 2019 23:38:10 GMT" time="29.667" errors="0">
  <testcase name="addBalaceToAStudent_viaHomePageTable" time="7.063" classname="com.yorkland_admin.testcase.BalanceActionsTest"/>
  <testcase name="addBalanceToAStudent_viaStudentName" time="7.764" classname="com.yorkland_admin.testcase.BalanceActionsTest"/>
  <testcase name="editAStudentBalance" time="8.107" classname="com.yorkland_admin.testcase.BalanceActionsTest"/>
  <testcase name="deleteAnBalanceFromStudentInformationPage" time="6.733" classname="com.yorkland_admin.testcase.BalanceActionsTest"/>
</testsuite> <!-- com.yorkland_admin.testcase.BalanceActionsTest -->
