<?xml version="1.0" encoding="UTF-8"?>
<!-- Generated by org.testng.reporters.JUnitReportReporter -->
<testsuite skipped="0" hostname="DESKTOP-ECO8HT0" name="com.yorkland_admin.testcase.SignUpTest" tests="1" failures="0" timestamp="09 Apr 2019 20:39:11 GMT" time="10.215" errors="0">
  <testcase name="signUpTest" time="10.215" classname="com.yorkland_admin.testcase.SignUpTest"/>
</testsuite> <!-- com.yorkland_admin.testcase.SignUpTest -->
