<?xml version="1.0" encoding="UTF-8"?>
<!-- Generated by org.testng.reporters.JUnitReportReporter -->
<testsuite skipped="0" hostname="DESKTOP-ECO8HT0" name="com.yorkland_admin.testcase.StundetActionsTest" tests="3" failures="0" timestamp="14 Apr 2019 23:36:41 GMT" time="53.328" errors="0">
  <testcase name="addAStudent" time="9.293" classname="com.yorkland_admin.testcase.StundetActionsTest"/>
  <testcase name="editAStudent" time="37.638" classname="com.yorkland_admin.testcase.StundetActionsTest"/>
  <testcase name="deletetAStudent" time="6.397" classname="com.yorkland_admin.testcase.StundetActionsTest"/>
</testsuite> <!-- com.yorkland_admin.testcase.StundetActionsTest -->
