<?xml version="1.0" encoding="UTF-8"?>
<!-- Generated by org.testng.reporters.JUnitReportReporter -->
<testsuite skipped="0" hostname="DESKTOP-ECO8HT0" name="com.yorkland_admin.testcase.LoginTest" tests="1" failures="0" timestamp="19 Apr 2019 01:29:44 GMT" time="7.471" errors="0">
  <testcase name="loginTest" time="7.471" classname="com.yorkland_admin.testcase.LoginTest"/>
</testsuite> <!-- com.yorkland_admin.testcase.LoginTest -->
